objc[14072]: Class AXEmojiUtilities is implemented in both /Applications/Xcode.app/Contents/Developer/Platforms/iPhoneSimulator.platform/Developer/SDKs/iPhoneSimulator7.0.sdk/System/Library/PrivateFrameworks/AccessibilityUtilities.framework/AccessibilityUtilities and /Applications/Xcode.app/Contents/Developer/Platforms/iPhoneSimulator.platform/Developer/SDKs/iPhoneSimulator7.0.sdk/usr/lib/libAXSpeechManager.dylib. One of the two will be used. Which one is undefined.
2014-03-15 13:49:19.309 Campus Quest[14072:80b] Cannot find executable for CFBundle 0xa58ffe0 </Applications/Xcode.app/Contents/Developer/Platforms/iPhoneSimulator.platform/Developer/SDKs/iPhoneSimulator7.0.sdk/System/Library/AccessibilityBundles/CertUIFramework.axbundle> (not loaded)
2014-03-15 13:49:19.328 Campus Quest[14072:80b] Cannot find executable for CFBundle 0xa47ea80 </Applications/Xcode.app/Contents/Developer/Platforms/iPhoneSimulator.platform/Developer/SDKs/iPhoneSimulator7.0.sdk/System/Library/AccessibilityBundles/GeoServices.axbundle> (not loaded)
2014-03-15 13:49:19.371 Campus Quest[14072:80b] Multi-tasking -> Device: YES, App: YES
2014-03-15 13:49:19.377 Campus Quest[14072:80b] Unlimited access to network resources
2014-03-15 13:49:19.385 Campus Quest[14072:80b] ERROR: Start Page at 'www/index.html' was not found.
2014-03-15 13:49:19.514 Campus Quest[14072:80b] Resetting plugins due to page load.
2014-03-15 13:49:19.539 Campus Quest[14072:80b] Finished load of: about:blank
objc[15117]: Class AXEmojiUtilities is implemented in both /Applications/Xcode.app/Contents/Developer/Platforms/iPhoneSimulator.platform/Developer/SDKs/iPhoneSimulator7.0.sdk/System/Library/PrivateFrameworks/AccessibilityUtilities.framework/AccessibilityUtilities and /Applications/Xcode.app/Contents/Developer/Platforms/iPhoneSimulator.platform/Developer/SDKs/iPhoneSimulator7.0.sdk/usr/lib/libAXSpeechManager.dylib. One of the two will be used. Which one is undefined.
2014-03-15 13:58:38.529 Campus Quest[15117:80b] Cannot find executable for CFBundle 0xa43cf50 </Applications/Xcode.app/Contents/Developer/Platforms/iPhoneSimulator.platform/Developer/SDKs/iPhoneSimulator7.0.sdk/System/Library/AccessibilityBundles/CertUIFramework.axbundle> (not loaded)
2014-03-15 13:58:38.581 Campus Quest[15117:80b] Cannot find executable for CFBundle 0xa690180 </Applications/Xcode.app/Contents/Developer/Platforms/iPhoneSimulator.platform/Developer/SDKs/iPhoneSimulator7.0.sdk/System/Library/AccessibilityBundles/GeoServices.axbundle> (not loaded)
2014-03-15 13:58:38.635 Campus Quest[15117:80b] Multi-tasking -> Device: YES, App: YES
2014-03-15 13:58:38.646 Campus Quest[15117:80b] Unlimited access to network resources
2014-03-15 13:58:38.805 Campus Quest[15117:80b] Resetting plugins due to page load.
2014-03-15 13:58:38.970 Campus Quest[15117:80b] Finished load of: file:///Users/scsowers/Library/Application%20Support/iPhone%20Simulator/7.0.3/Applications/1F10D610-EB36-44BB-964E-7FC705F72AAE/Campus%20Quest.app/www/index.html
Terminating in response to SpringBoard's termination.
objc[24186]: Class AXEmojiUtilities is implemented in both /Applications/Xcode.app/Contents/Developer/Platforms/iPhoneSimulator.platform/Developer/SDKs/iPhoneSimulator7.0.sdk/System/Library/PrivateFrameworks/AccessibilityUtilities.framework/AccessibilityUtilities and /Applications/Xcode.app/Contents/Developer/Platforms/iPhoneSimulator.platform/Developer/SDKs/iPhoneSimulator7.0.sdk/usr/lib/libAXSpeechManager.dylib. One of the two will be used. Which one is undefined.
2014-03-16 18:54:55.069 Campus Quest[24186:80b] Cannot find executable for CFBundle 0xa65ccd0 </Applications/Xcode.app/Contents/Developer/Platforms/iPhoneSimulator.platform/Developer/SDKs/iPhoneSimulator7.0.sdk/System/Library/AccessibilityBundles/GeoServices.axbundle> (not loaded)
2014-03-16 18:54:55.087 Campus Quest[24186:80b] Cannot find executable for CFBundle 0xa75a920 </Applications/Xcode.app/Contents/Developer/Platforms/iPhoneSimulator.platform/Developer/SDKs/iPhoneSimulator7.0.sdk/System/Library/AccessibilityBundles/CertUIFramework.axbundle> (not loaded)
2014-03-16 18:54:55.146 Campus Quest[24186:80b] Multi-tasking -> Device: YES, App: YES
2014-03-16 18:54:55.154 Campus Quest[24186:80b] Unlimited access to network resources
2014-03-16 18:54:55.318 Campus Quest[24186:80b] Resetting plugins due to page load.
2014-03-16 18:54:55.569 Campus Quest[24186:80b] Finished load of: file:///Users/scsowers/Library/Application%20Support/iPhone%20Simulator/7.0.3/Applications/1F10D610-EB36-44BB-964E-7FC705F72AAE/Campus%20Quest.app/www/index.html#/start-game
Terminating in response to SpringBoard's termination.
